/*C1*/SET SCHEMA SYSTEM_LOBS
INSERT INTO BLOCKS VALUES(0,2147483647,0)
COMMIT
/*C2*/SET SCHEMA PUBLIC
create table dishes (\u000a\u0009dish_id INTEGER IDENTITY PRIMARY KEY,\u000a\u0009user_id INTEGER,\u000a\u0009dish_name VARCHAR(150),\u000a\u0009provided_by VARCHAR(100),\u000a\u0009ingredient VARCHAR(250),\u000a\u0009instruction VARCHAR(250),\u000a\u0009photo VARCHAR(150),\u000a\u0009number_of_rate INTEGER,\u000a\u0009avg_rate INTEGER\u000a)
/*C3*/SET SCHEMA PUBLIC
DISCONNECT
/*C2*/create table user(\u000a\u0009user_id INTEGER IDENTITY PRIMARY KEY,\u000a\u0009user_name VARCHAR(100),\u000a\u0009user_email VARCHAR(168),\u000a\u0009user_password VARCHAR(100)\u000a)
\u000aALTER TABLE dishes\u000aADD FOREIGN KEY (user_id) REFERENCES user(user_id)
/*C4*/SET SCHEMA PUBLIC
DISCONNECT
/*C2*/INSERT INTO USER VALUES(0,'Aybuke Yaren','aybuke_yaren@student.ait.ie','17042022')
COMMIT
alter table dishes \u000aalter column instruction varchar(500)
alter table dishes \u000aalter column ingredient varchar(500)
/*C6*/SET SCHEMA PUBLIC
DISCONNECT
/*C7*/SET SCHEMA PUBLIC
DISCONNECT
/*C8*/SET SCHEMA PUBLIC
DISCONNECT
/*C9*/SET SCHEMA PUBLIC
DISCONNECT
/*C2*/alter table dishes \u000aalter column instruction\u000avarchar(800)
alter table dishes \u000aalter column ingredient\u000avarchar(800)
INSERT INTO DISHES VALUES(8,0,'Smoked salmon & lemon risotto','Aybuke Yaren','1 onion, finely chopped - 2 tbsp olive oil - 350g risotto rice, such as Arborio - 1 garlic clove, finely chopped - 1 \u00bdl boiling vegetable stock - 170g pack smoked salmon, three-quarters chopped - 85g mascarpone lite - 3 tbsp flat-leaf parsley, chopped - grated lemon zest, plus squeeze of juice - handful rocket','STEP 1\nFry the onion in the oil for 5 mins. Add the rice and garlic, then cook for 2 mins, stirring continuously. Pour in a third of the stock and set the timer to 20 mins. Simmer, stirring occasionally, until the stock has been absorbed, then add half the rest of the stock and carry on cooking, stirring a bit more frequently, until that has been absorbed.\nSTEP 2\nPour in the last of the stock, stir, then simmer until cooked and creamy. Take from the heat and add the chopped salmon, mascarpone, parsley and lemon zest. Grind in some black pepper, but do not add salt as the salmon will be salty enough. Leave for 5 mins to settle, then taste and add a little lemon juice if you like. Serve topped with reserved salmon (roughly torn) and some rocket.','salmonlemonrisotto.PNG',269,4)
COMMIT
alter table dishes \u000aalter column instruction\u000avarchar(1000)
INSERT INTO DISHES VALUES(10,0,'Easy chocolate fudge cake','Aybuke Yaren','150ml sunflower oil, plus extra for the tin - 175g self-raising flour - 2 tbsp cocoa  - 1 tsp bicarbonate of soda - 150g caster sugar - 2 tbsp golden syrup - 2 large eggs, lightly beaten - 150ml semi-skimmed milk - 100g unsalted butter - 225g icing sugar - 40g cocoa powder - 2\u00bd tbsp milk','STEP 1\nHeat the oven to 180C/160C fan/gas 4. Oil and line the base of two 18cm sandwich tins. Sieve theflour, cocoa powder and bicarbonate of soda into a bowl. Add the caster sugar and mix well.\nSTEP 2\nMake a well in the centre and add the golden syrup, eggs, sunflower oil and milk. Beat well with an electric whisk until smooth.\nSTEP 3\nPour the mixture into the two tins and bake for 25-30 mins until risen and firm to the touch. Remove from oven, leave to cool for 10 mins before turning out onto a cooling rack.\nSTEP 4\nTo make the icing, beat the unsalted butter in a bowl until soft. Gradually sieve and beat in the icing sugar and cocoa powder, then add enough of the milk to make the icing fluffy and spreadable.\nSTEP 5\nSandwich the two cakes together with the butter icing and cover the sides and the top of the cake with more icing.','fudgecake.png',939,5)
COMMIT
/*C5*/SET SCHEMA PUBLIC
DISCONNECT
/*C10*/SET SCHEMA PUBLIC
DISCONNECT
/*C11*/SET SCHEMA PUBLIC
DISCONNECT
/*C12*/SET SCHEMA PUBLIC
DISCONNECT
/*C13*/SET SCHEMA PUBLIC
DISCONNECT
